<?xml version="1.0" encoding="UTF-8"?>
<testsuite xmlns:xsi="http://www.w3.org/2001/XMLSchema-instance" xsi:noNamespaceSchemaLocation="https://maven.apache.org/surefire/maven-surefire-plugin/xsd/surefire-test-report.xsd" name="com.yxm.oder.server.OrderApplicationTest" time="0" tests="1" errors="0" skipped="0" failures="0">
  <properties>
    <property name="sun.desktop" value="windows"/>
    <property name="awt.toolkit" value="sun.awt.windows.WToolkit"/>
    <property name="file.encoding.pkg" value="sun.io"/>
    <property name="java.specification.version" value="1.8"/>
    <property name="sun.cpu.isalist" value="pentium_pro+mmx pentium_pro pentium+mmx pentium i486 i386 i86"/>
    <property name="sun.jnu.encoding" value="GBK"/>
    <property name="java.class.path" value="F:\yexinming\github\SpringCloud_Shell\order\server\target\test-classes;F:\yexinming\github\SpringCloud_Shell\order\server\target\classes;D:\Repository\org\springframework\cloud\spring-cloud-starter-netflix-eureka-client\2.0.0.RELEASE\spring-cloud-starter-netflix-eureka-client-2.0.0.RELEASE.jar;D:\Repository\org\springframework\cloud\spring-cloud-starter\2.0.0.RELEASE\spring-cloud-starter-2.0.0.RELEASE.jar;D:\Repository\org\springframework\security\spring-security-rsa\1.0.5.RELEASE\spring-security-rsa-1.0.5.RELEASE.jar;D:\Repository\org\bouncycastle\bcpkix-jdk15on\1.56\bcpkix-jdk15on-1.56.jar;D:\Repository\org\bouncycastle\bcprov-jdk15on\1.56\bcprov-jdk15on-1.56.jar;D:\Repository\org\springframework\cloud\spring-cloud-netflix-core\2.0.0.RELEASE\spring-cloud-netflix-core-2.0.0.RELEASE.jar;D:\Repository\org\springframework\cloud\spring-cloud-netflix-eureka-client\2.0.0.RELEASE\spring-cloud-netflix-eureka-client-2.0.0.RELEASE.jar;D:\Repository\com\netflix\eureka\eureka-client\1.9.2\eureka-client-1.9.2.jar;D:\Repository\org\codehaus\jettison\jettison\1.3.7\jettison-1.3.7.jar;D:\Repository\stax\stax-api\1.0.1\stax-api-1.0.1.jar;D:\Repository\com\netflix\netflix-commons\netflix-eventbus\0.3.0\netflix-eventbus-0.3.0.jar;D:\Repository\com\netflix\netflix-commons\netflix-infix\0.3.0\netflix-infix-0.3.0.jar;D:\Repository\commons-jxpath\commons-jxpath\1.3\commons-jxpath-1.3.jar;D:\Repository\joda-time\joda-time\2.9.9\joda-time-2.9.9.jar;D:\Repository\org\antlr\antlr-runtime\3.4\antlr-runtime-3.4.jar;D:\Repository\org\antlr\stringtemplate\3.2.1\stringtemplate-3.2.1.jar;D:\Repository\org\apache\commons\commons-math\2.2\commons-math-2.2.jar;D:\Repository\com\netflix\archaius\archaius-core\0.7.6\archaius-core-0.7.6.jar;D:\Repository\com\google\guava\guava\16.0\guava-16.0.jar;D:\Repository\javax\ws\rs\jsr311-api\1.1.1\jsr311-api-1.1.1.jar;D:\Repository\com\netflix\servo\servo-core\0.12.21\servo-core-0.12.21.jar;D:\Repository\com\sun\jersey\jersey-core\1.19.1\jersey-core-1.19.1.jar;D:\Repository\com\sun\jersey\jersey-client\1.19.1\jersey-client-1.19.1.jar;D:\Repository\com\sun\jersey\contribs\jersey-apache-client4\1.19.1\jersey-apache-client4-1.19.1.jar;D:\Repository\org\apache\httpcomponents\httpclient\4.5.5\httpclient-4.5.5.jar;D:\Repository\org\apache\httpcomponents\httpcore\4.4.9\httpcore-4.4.9.jar;D:\Repository\commons-codec\commons-codec\1.11\commons-codec-1.11.jar;D:\Repository\com\google\inject\guice\4.1.0\guice-4.1.0.jar;D:\Repository\javax\inject\javax.inject\1\javax.inject-1.jar;D:\Repository\aopalliance\aopalliance\1.0\aopalliance-1.0.jar;D:\Repository\com\github\vlsi\compactmap\compactmap\1.2.1\compactmap-1.2.1.jar;D:\Repository\com\github\andrewoma\dexx\dexx-collections\0.2\dexx-collections-0.2.jar;D:\Repository\com\fasterxml\jackson\core\jackson-core\2.9.6\jackson-core-2.9.6.jar;D:\Repository\com\netflix\eureka\eureka-core\1.9.2\eureka-core-1.9.2.jar;D:\Repository\org\codehaus\woodstox\woodstox-core-asl\4.4.1\woodstox-core-asl-4.4.1.jar;D:\Repository\javax\xml\stream\stax-api\1.0-2\stax-api-1.0-2.jar;D:\Repository\org\codehaus\woodstox\stax2-api\3.1.4\stax2-api-3.1.4.jar;D:\Repository\org\springframework\cloud\spring-cloud-starter-netflix-archaius\2.0.0.RELEASE\spring-cloud-starter-netflix-archaius-2.0.0.RELEASE.jar;D:\Repository\org\springframework\cloud\spring-cloud-netflix-ribbon\2.0.0.RELEASE\spring-cloud-netflix-ribbon-2.0.0.RELEASE.jar;D:\Repository\org\springframework\cloud\spring-cloud-netflix-archaius\2.0.0.RELEASE\spring-cloud-netflix-archaius-2.0.0.RELEASE.jar;D:\Repository\commons-configuration\commons-configuration\1.8\commons-configuration-1.8.jar;D:\Repository\commons-lang\commons-lang\2.6\commons-lang-2.6.jar;D:\Repository\org\springframework\cloud\spring-cloud-starter-netflix-ribbon\2.0.0.RELEASE\spring-cloud-starter-netflix-ribbon-2.0.0.RELEASE.jar;D:\Repository\com\netflix\ribbon\ribbon\2.2.5\ribbon-2.2.5.jar;D:\Repository\com\netflix\ribbon\ribbon-transport\2.2.5\ribbon-transport-2.2.5.jar;D:\Repository\io\reactivex\rxnetty-contexts\0.4.9\rxnetty-contexts-0.4.9.jar;D:\Repository\io\reactivex\rxnetty-servo\0.4.9\rxnetty-servo-0.4.9.jar;D:\Repository\com\netflix\hystrix\hystrix-core\1.5.12\hystrix-core-1.5.12.jar;D:\Repository\org\hdrhistogram\HdrHistogram\2.1.9\HdrHistogram-2.1.9.jar;D:\Repository\io\reactivex\rxnetty\0.4.9\rxnetty-0.4.9.jar;D:\Repository\io\netty\netty-codec-http\4.1.25.Final\netty-codec-http-4.1.25.Final.jar;D:\Repository\io\netty\netty-codec\4.1.25.Final\netty-codec-4.1.25.Final.jar;D:\Repository\io\netty\netty-transport-native-epoll\4.1.25.Final\netty-transport-native-epoll-4.1.25.Final.jar;D:\Repository\io\netty\netty-common\4.1.25.Final\netty-common-4.1.25.Final.jar;D:\Repository\io\netty\netty-buffer\4.1.25.Final\netty-buffer-4.1.25.Final.jar;D:\Repository\io\netty\netty-transport-native-unix-common\4.1.25.Final\netty-transport-native-unix-common-4.1.25.Final.jar;D:\Repository\io\netty\netty-transport\4.1.25.Final\netty-transport-4.1.25.Final.jar;D:\Repository\io\netty\netty-resolver\4.1.25.Final\netty-resolver-4.1.25.Final.jar;D:\Repository\com\netflix\ribbon\ribbon-core\2.2.5\ribbon-core-2.2.5.jar;D:\Repository\com\netflix\ribbon\ribbon-httpclient\2.2.5\ribbon-httpclient-2.2.5.jar;D:\Repository\commons-collections\commons-collections\3.2.2\commons-collections-3.2.2.jar;D:\Repository\com\netflix\netflix-commons\netflix-commons-util\0.3.0\netflix-commons-util-0.3.0.jar;D:\Repository\com\netflix\ribbon\ribbon-loadbalancer\2.2.5\ribbon-loadbalancer-2.2.5.jar;D:\Repository\com\netflix\netflix-commons\netflix-statistics\0.1.1\netflix-statistics-0.1.1.jar;D:\Repository\io\reactivex\rxjava\1.3.8\rxjava-1.3.8.jar;D:\Repository\com\netflix\ribbon\ribbon-eureka\2.2.5\ribbon-eureka-2.2.5.jar;D:\Repository\org\slf4j\slf4j-api\1.7.25\slf4j-api-1.7.25.jar;D:\Repository\com\thoughtworks\xstream\xstream\1.4.10\xstream-1.4.10.jar;D:\Repository\xmlpull\xmlpull\1.1.3.1\xmlpull-1.1.3.1.jar;D:\Repository\xpp3\xpp3_min\1.1.4c\xpp3_min-1.1.4c.jar;D:\Repository\org\springframework\boot\spring-boot-starter-web\2.0.3.RELEASE\spring-boot-starter-web-2.0.3.RELEASE.jar;D:\Repository\org\springframework\boot\spring-boot-starter\2.0.3.RELEASE\spring-boot-starter-2.0.3.RELEASE.jar;D:\Repository\org\springframework\boot\spring-boot\2.0.3.RELEASE\spring-boot-2.0.3.RELEASE.jar;D:\Repository\org\springframework\boot\spring-boot-starter-logging\2.0.3.RELEASE\spring-boot-starter-logging-2.0.3.RELEASE.jar;D:\Repository\ch\qos\logback\logback-classic\1.2.3\logback-classic-1.2.3.jar;D:\Repository\ch\qos\logback\logback-core\1.2.3\logback-core-1.2.3.jar;D:\Repository\org\apache\logging\log4j\log4j-to-slf4j\2.10.0\log4j-to-slf4j-2.10.0.jar;D:\Repository\org\apache\logging\log4j\log4j-api\2.10.0\log4j-api-2.10.0.jar;D:\Repository\org\slf4j\jul-to-slf4j\1.7.25\jul-to-slf4j-1.7.25.jar;D:\Repository\javax\annotation\javax.annotation-api\1.3.2\javax.annotation-api-1.3.2.jar;D:\Repository\org\yaml\snakeyaml\1.19\snakeyaml-1.19.jar;D:\Repository\org\springframework\boot\spring-boot-starter-json\2.0.3.RELEASE\spring-boot-starter-json-2.0.3.RELEASE.jar;D:\Repository\com\fasterxml\jackson\datatype\jackson-datatype-jdk8\2.9.6\jackson-datatype-jdk8-2.9.6.jar;D:\Repository\com\fasterxml\jackson\datatype\jackson-datatype-jsr310\2.9.6\jackson-datatype-jsr310-2.9.6.jar;D:\Repository\com\fasterxml\jackson\module\jackson-module-parameter-names\2.9.6\jackson-module-parameter-names-2.9.6.jar;D:\Repository\org\springframework\boot\spring-boot-starter-tomcat\2.0.3.RELEASE\spring-boot-starter-tomcat-2.0.3.RELEASE.jar;D:\Repository\org\apache\tomcat\embed\tomcat-embed-core\8.5.31\tomcat-embed-core-8.5.31.jar;D:\Repository\org\apache\tomcat\embed\tomcat-embed-el\8.5.31\tomcat-embed-el-8.5.31.jar;D:\Repository\org\apache\tomcat\embed\tomcat-embed-websocket\8.5.31\tomcat-embed-websocket-8.5.31.jar;D:\Repository\org\hibernate\validator\hibernate-validator\6.0.10.Final\hibernate-validator-6.0.10.Final.jar;D:\Repository\javax\validation\validation-api\2.0.1.Final\validation-api-2.0.1.Final.jar;D:\Repository\org\jboss\logging\jboss-logging\3.3.2.Final\jboss-logging-3.3.2.Final.jar;D:\Repository\com\fasterxml\classmate\1.3.4\classmate-1.3.4.jar;D:\Repository\org\springframework\spring-web\5.0.7.RELEASE\spring-web-5.0.7.RELEASE.jar;D:\Repository\org\springframework\spring-beans\5.0.7.RELEASE\spring-beans-5.0.7.RELEASE.jar;D:\Repository\org\springframework\spring-webmvc\5.0.7.RELEASE\spring-webmvc-5.0.7.RELEASE.jar;D:\Repository\org\springframework\spring-aop\5.0.7.RELEASE\spring-aop-5.0.7.RELEASE.jar;D:\Repository\org\springframework\spring-context\5.0.7.RELEASE\spring-context-5.0.7.RELEASE.jar;D:\Repository\org\springframework\spring-expression\5.0.7.RELEASE\spring-expression-5.0.7.RELEASE.jar;D:\Repository\org\springframework\boot\spring-boot-starter-test\2.0.3.RELEASE\spring-boot-starter-test-2.0.3.RELEASE.jar;D:\Repository\org\springframework\boot\spring-boot-test\2.0.3.RELEASE\spring-boot-test-2.0.3.RELEASE.jar;D:\Repository\org\springframework\boot\spring-boot-test-autoconfigure\2.0.3.RELEASE\spring-boot-test-autoconfigure-2.0.3.RELEASE.jar;D:\Repository\com\jayway\jsonpath\json-path\2.4.0\json-path-2.4.0.jar;D:\Repository\net\minidev\json-smart\2.3\json-smart-2.3.jar;D:\Repository\net\minidev\accessors-smart\1.2\accessors-smart-1.2.jar;D:\Repository\org\ow2\asm\asm\5.0.4\asm-5.0.4.jar;D:\Repository\junit\junit\4.12\junit-4.12.jar;D:\Repository\org\assertj\assertj-core\3.9.1\assertj-core-3.9.1.jar;D:\Repository\org\mockito\mockito-core\2.15.0\mockito-core-2.15.0.jar;D:\Repository\net\bytebuddy\byte-buddy\1.7.11\byte-buddy-1.7.11.jar;D:\Repository\net\bytebuddy\byte-buddy-agent\1.7.11\byte-buddy-agent-1.7.11.jar;D:\Repository\org\objenesis\objenesis\2.6\objenesis-2.6.jar;D:\Repository\org\hamcrest\hamcrest-core\1.3\hamcrest-core-1.3.jar;D:\Repository\org\hamcrest\hamcrest-library\1.3\hamcrest-library-1.3.jar;D:\Repository\org\skyscreamer\jsonassert\1.5.0\jsonassert-1.5.0.jar;D:\Repository\com\vaadin\external\google\android-json\0.0.20131108.vaadin1\android-json-0.0.20131108.vaadin1.jar;D:\Repository\org\springframework\spring-core\5.0.7.RELEASE\spring-core-5.0.7.RELEASE.jar;D:\Repository\org\springframework\spring-jcl\5.0.7.RELEASE\spring-jcl-5.0.7.RELEASE.jar;D:\Repository\org\springframework\spring-test\5.0.7.RELEASE\spring-test-5.0.7.RELEASE.jar;D:\Repository\org\xmlunit\xmlunit-core\2.5.1\xmlunit-core-2.5.1.jar;D:\Repository\org\springframework\boot\spring-boot-starter-data-jpa\2.0.3.RELEASE\spring-boot-starter-data-jpa-2.0.3.RELEASE.jar;D:\Repository\org\springframework\boot\spring-boot-starter-aop\2.0.3.RELEASE\spring-boot-starter-aop-2.0.3.RELEASE.jar;D:\Repository\org\aspectj\aspectjweaver\1.8.13\aspectjweaver-1.8.13.jar;D:\Repository\org\springframework\boot\spring-boot-starter-jdbc\2.0.3.RELEASE\spring-boot-starter-jdbc-2.0.3.RELEASE.jar;D:\Repository\com\zaxxer\HikariCP\2.7.9\HikariCP-2.7.9.jar;D:\Repository\org\springframework\spring-jdbc\5.0.7.RELEASE\spring-jdbc-5.0.7.RELEASE.jar;D:\Repository\org\hibernate\hibernate-core\5.2.17.Final\hibernate-core-5.2.17.Final.jar;D:\Repository\org\hibernate\javax\persistence\hibernate-jpa-2.1-api\1.0.2.Final\hibernate-jpa-2.1-api-1.0.2.Final.jar;D:\Repository\org\javassist\javassist\3.22.0-GA\javassist-3.22.0-GA.jar;D:\Repository\antlr\antlr\2.7.7\antlr-2.7.7.jar;D:\Repository\org\jboss\jandex\2.0.3.Final\jandex-2.0.3.Final.jar;D:\Repository\dom4j\dom4j\1.6.1\dom4j-1.6.1.jar;D:\Repository\org\hibernate\common\hibernate-commons-annotations\5.0.1.Final\hibernate-commons-annotations-5.0.1.Final.jar;D:\Repository\javax\transaction\javax.transaction-api\1.2\javax.transaction-api-1.2.jar;D:\Repository\org\springframework\data\spring-data-jpa\2.0.8.RELEASE\spring-data-jpa-2.0.8.RELEASE.jar;D:\Repository\org\springframework\data\spring-data-commons\2.0.8.RELEASE\spring-data-commons-2.0.8.RELEASE.jar;D:\Repository\org\springframework\spring-orm\5.0.7.RELEASE\spring-orm-5.0.7.RELEASE.jar;D:\Repository\org\springframework\spring-tx\5.0.7.RELEASE\spring-tx-5.0.7.RELEASE.jar;D:\Repository\org\springframework\spring-aspects\5.0.7.RELEASE\spring-aspects-5.0.7.RELEASE.jar;D:\Repository\mysql\mysql-connector-java\5.1.46\mysql-connector-java-5.1.46.jar;D:\Repository\org\projectlombok\lombok\1.16.22\lombok-1.16.22.jar;D:\Repository\com\google\code\gson\gson\2.8.5\gson-2.8.5.jar;D:\Repository\org\springframework\cloud\spring-cloud-starter-feign\1.4.3.RELEASE\spring-cloud-starter-feign-1.4.3.RELEASE.jar;D:\Repository\org\springframework\cloud\spring-cloud-starter-openfeign\2.0.0.RELEASE\spring-cloud-starter-openfeign-2.0.0.RELEASE.jar;D:\Repository\org\springframework\cloud\spring-cloud-openfeign-core\2.0.0.RELEASE\spring-cloud-openfeign-core-2.0.0.RELEASE.jar;D:\Repository\io\github\openfeign\feign-core\9.5.1\feign-core-9.5.1.jar;D:\Repository\io\github\openfeign\feign-slf4j\9.5.1\feign-slf4j-9.5.1.jar;D:\Repository\io\github\openfeign\feign-hystrix\9.5.1\feign-hystrix-9.5.1.jar;D:\Repository\io\github\openfeign\feign-java8\9.5.1\feign-java8-9.5.1.jar;F:\yexinming\github\SpringCloud_Shell\order\common\target\order-common-0.0.1-SNAPSHOT.jar;D:\Repository\com\yxm\product-client\0.0.1-SNAPSHOT\product-client-0.0.1-SNAPSHOT.jar;D:\Repository\com\yxm\product-common\0.0.1-SNAPSHOT\product-common-0.0.1-SNAPSHOT.jar;D:\Repository\org\springframework\cloud\spring-cloud-config-client\2.0.0.RELEASE\spring-cloud-config-client-2.0.0.RELEASE.jar;D:\Repository\org\springframework\boot\spring-boot-autoconfigure\2.0.3.RELEASE\spring-boot-autoconfigure-2.0.3.RELEASE.jar;D:\Repository\org\springframework\cloud\spring-cloud-commons\2.0.0.RELEASE\spring-cloud-commons-2.0.0.RELEASE.jar;D:\Repository\org\springframework\security\spring-security-crypto\5.0.6.RELEASE\spring-security-crypto-5.0.6.RELEASE.jar;D:\Repository\org\springframework\cloud\spring-cloud-context\2.0.0.RELEASE\spring-cloud-context-2.0.0.RELEASE.jar;D:\Repository\com\fasterxml\jackson\core\jackson-annotations\2.9.0\jackson-annotations-2.9.0.jar;D:\Repository\com\fasterxml\jackson\core\jackson-databind\2.9.6\jackson-databind-2.9.6.jar;D:\Repository\org\springframework\cloud\spring-cloud-starter-bus-amqp\2.0.0.RELEASE\spring-cloud-starter-bus-amqp-2.0.0.RELEASE.jar;D:\Repository\org\springframework\cloud\spring-cloud-starter-stream-rabbit\2.0.0.RELEASE\spring-cloud-starter-stream-rabbit-2.0.0.RELEASE.jar;D:\Repository\org\springframework\cloud\spring-cloud-stream-binder-rabbit\2.0.0.RELEASE\spring-cloud-stream-binder-rabbit-2.0.0.RELEASE.jar;D:\Repository\org\springframework\cloud\spring-cloud-stream-binder-rabbit-core\2.0.0.RELEASE\spring-cloud-stream-binder-rabbit-core-2.0.0.RELEASE.jar;D:\Repository\org\springframework\integration\spring-integration-amqp\5.0.6.RELEASE\spring-integration-amqp-5.0.6.RELEASE.jar;D:\Repository\org\springframework\integration\spring-integration-jmx\5.0.6.RELEASE\spring-integration-jmx-5.0.6.RELEASE.jar;D:\Repository\org\springframework\cloud\spring-cloud-bus\2.0.0.RELEASE\spring-cloud-bus-2.0.0.RELEASE.jar;D:\Repository\org\springframework\cloud\spring-cloud-stream\2.0.0.RELEASE\spring-cloud-stream-2.0.0.RELEASE.jar;D:\Repository\org\springframework\boot\spring-boot-starter-validation\2.0.3.RELEASE\spring-boot-starter-validation-2.0.3.RELEASE.jar;D:\Repository\org\springframework\spring-tuple\1.0.0.RELEASE\spring-tuple-1.0.0.RELEASE.jar;D:\Repository\com\esotericsoftware\kryo-shaded\3.0.3\kryo-shaded-3.0.3.jar;D:\Repository\com\esotericsoftware\minlog\1.3.0\minlog-1.3.0.jar;D:\Repository\org\springframework\integration\spring-integration-tuple\1.0.0.RELEASE\spring-integration-tuple-1.0.0.RELEASE.jar;D:\Repository\org\springframework\integration\spring-integration-core\5.0.6.RELEASE\spring-integration-core-5.0.6.RELEASE.jar;D:\Repository\io\projectreactor\reactor-core\3.1.8.RELEASE\reactor-core-3.1.8.RELEASE.jar;D:\Repository\org\reactivestreams\reactive-streams\1.0.2\reactive-streams-1.0.2.jar;D:\Repository\org\springframework\boot\spring-boot-starter-amqp\2.0.3.RELEASE\spring-boot-starter-amqp-2.0.3.RELEASE.jar;D:\Repository\org\springframework\spring-messaging\5.0.7.RELEASE\spring-messaging-5.0.7.RELEASE.jar;D:\Repository\org\springframework\amqp\spring-rabbit\2.0.4.RELEASE\spring-rabbit-2.0.4.RELEASE.jar;D:\Repository\org\springframework\amqp\spring-amqp\2.0.4.RELEASE\spring-amqp-2.0.4.RELEASE.jar;D:\Repository\com\rabbitmq\amqp-client\5.1.2\amqp-client-5.1.2.jar;D:\Repository\org\springframework\retry\spring-retry\1.2.2.RELEASE\spring-retry-1.2.2.RELEASE.jar;"/>
    <property name="java.vm.vendor" value="Oracle Corporation"/>
    <property name="sun.arch.data.model" value="32"/>
    <property name="user.variant" value=""/>
    <property name="java.vendor.url" value="http://java.oracle.com/"/>
    <property name="user.timezone" value=""/>
    <property name="java.vm.specification.version" value="1.8"/>
    <property name="os.name" value="Windows 7"/>
    <property name="user.country" value="CN"/>
    <property name="sun.java.launcher" value="SUN_STANDARD"/>
    <property name="sun.boot.library.path" value="D:\Java\jdk1.8.0_74\jre\bin"/>
    <property name="sun.java.command" value="C:\Users\JSKJ\AppData\Local\Temp\surefire1004504343501701895\surefirebooter2105030721059660086.jar C:\Users\JSKJ\AppData\Local\Temp\surefire1004504343501701895 2019-05-26T23-46-16_944-jvmRun1 surefire6160962837626569013tmp surefire_04830584586481864475tmp"/>
    <property name="surefire.test.class.path" value="F:\yexinming\github\SpringCloud_Shell\order\server\target\test-classes;F:\yexinming\github\SpringCloud_Shell\order\server\target\classes;D:\Repository\org\springframework\cloud\spring-cloud-starter-netflix-eureka-client\2.0.0.RELEASE\spring-cloud-starter-netflix-eureka-client-2.0.0.RELEASE.jar;D:\Repository\org\springframework\cloud\spring-cloud-starter\2.0.0.RELEASE\spring-cloud-starter-2.0.0.RELEASE.jar;D:\Repository\org\springframework\security\spring-security-rsa\1.0.5.RELEASE\spring-security-rsa-1.0.5.RELEASE.jar;D:\Repository\org\bouncycastle\bcpkix-jdk15on\1.56\bcpkix-jdk15on-1.56.jar;D:\Repository\org\bouncycastle\bcprov-jdk15on\1.56\bcprov-jdk15on-1.56.jar;D:\Repository\org\springframework\cloud\spring-cloud-netflix-core\2.0.0.RELEASE\spring-cloud-netflix-core-2.0.0.RELEASE.jar;D:\Repository\org\springframework\cloud\spring-cloud-netflix-eureka-client\2.0.0.RELEASE\spring-cloud-netflix-eureka-client-2.0.0.RELEASE.jar;D:\Repository\com\netflix\eureka\eureka-client\1.9.2\eureka-client-1.9.2.jar;D:\Repository\org\codehaus\jettison\jettison\1.3.7\jettison-1.3.7.jar;D:\Repository\stax\stax-api\1.0.1\stax-api-1.0.1.jar;D:\Repository\com\netflix\netflix-commons\netflix-eventbus\0.3.0\netflix-eventbus-0.3.0.jar;D:\Repository\com\netflix\netflix-commons\netflix-infix\0.3.0\netflix-infix-0.3.0.jar;D:\Repository\commons-jxpath\commons-jxpath\1.3\commons-jxpath-1.3.jar;D:\Repository\joda-time\joda-time\2.9.9\joda-time-2.9.9.jar;D:\Repository\org\antlr\antlr-runtime\3.4\antlr-runtime-3.4.jar;D:\Repository\org\antlr\stringtemplate\3.2.1\stringtemplate-3.2.1.jar;D:\Repository\org\apache\commons\commons-math\2.2\commons-math-2.2.jar;D:\Repository\com\netflix\archaius\archaius-core\0.7.6\archaius-core-0.7.6.jar;D:\Repository\com\google\guava\guava\16.0\guava-16.0.jar;D:\Repository\javax\ws\rs\jsr311-api\1.1.1\jsr311-api-1.1.1.jar;D:\Repository\com\netflix\servo\servo-core\0.12.21\servo-core-0.12.21.jar;D:\Repository\com\sun\jersey\jersey-core\1.19.1\jersey-core-1.19.1.jar;D:\Repository\com\sun\jersey\jersey-client\1.19.1\jersey-client-1.19.1.jar;D:\Repository\com\sun\jersey\contribs\jersey-apache-client4\1.19.1\jersey-apache-client4-1.19.1.jar;D:\Repository\org\apache\httpcomponents\httpclient\4.5.5\httpclient-4.5.5.jar;D:\Repository\org\apache\httpcomponents\httpcore\4.4.9\httpcore-4.4.9.jar;D:\Repository\commons-codec\commons-codec\1.11\commons-codec-1.11.jar;D:\Repository\com\google\inject\guice\4.1.0\guice-4.1.0.jar;D:\Repository\javax\inject\javax.inject\1\javax.inject-1.jar;D:\Repository\aopalliance\aopalliance\1.0\aopalliance-1.0.jar;D:\Repository\com\github\vlsi\compactmap\compactmap\1.2.1\compactmap-1.2.1.jar;D:\Repository\com\github\andrewoma\dexx\dexx-collections\0.2\dexx-collections-0.2.jar;D:\Repository\com\fasterxml\jackson\core\jackson-core\2.9.6\jackson-core-2.9.6.jar;D:\Repository\com\netflix\eureka\eureka-core\1.9.2\eureka-core-1.9.2.jar;D:\Repository\org\codehaus\woodstox\woodstox-core-asl\4.4.1\woodstox-core-asl-4.4.1.jar;D:\Repository\javax\xml\stream\stax-api\1.0-2\stax-api-1.0-2.jar;D:\Repository\org\codehaus\woodstox\stax2-api\3.1.4\stax2-api-3.1.4.jar;D:\Repository\org\springframework\cloud\spring-cloud-starter-netflix-archaius\2.0.0.RELEASE\spring-cloud-starter-netflix-archaius-2.0.0.RELEASE.jar;D:\Repository\org\springframework\cloud\spring-cloud-netflix-ribbon\2.0.0.RELEASE\spring-cloud-netflix-ribbon-2.0.0.RELEASE.jar;D:\Repository\org\springframework\cloud\spring-cloud-netflix-archaius\2.0.0.RELEASE\spring-cloud-netflix-archaius-2.0.0.RELEASE.jar;D:\Repository\commons-configuration\commons-configuration\1.8\commons-configuration-1.8.jar;D:\Repository\commons-lang\commons-lang\2.6\commons-lang-2.6.jar;D:\Repository\org\springframework\cloud\spring-cloud-starter-netflix-ribbon\2.0.0.RELEASE\spring-cloud-starter-netflix-ribbon-2.0.0.RELEASE.jar;D:\Repository\com\netflix\ribbon\ribbon\2.2.5\ribbon-2.2.5.jar;D:\Repository\com\netflix\ribbon\ribbon-transport\2.2.5\ribbon-transport-2.2.5.jar;D:\Repository\io\reactivex\rxnetty-contexts\0.4.9\rxnetty-contexts-0.4.9.jar;D:\Repository\io\reactivex\rxnetty-servo\0.4.9\rxnetty-servo-0.4.9.jar;D:\Repository\com\netflix\hystrix\hystrix-core\1.5.12\hystrix-core-1.5.12.jar;D:\Repository\org\hdrhistogram\HdrHistogram\2.1.9\HdrHistogram-2.1.9.jar;D:\Repository\io\reactivex\rxnetty\0.4.9\rxnetty-0.4.9.jar;D:\Repository\io\netty\netty-codec-http\4.1.25.Final\netty-codec-http-4.1.25.Final.jar;D:\Repository\io\netty\netty-codec\4.1.25.Final\netty-codec-4.1.25.Final.jar;D:\Repository\io\netty\netty-transport-native-epoll\4.1.25.Final\netty-transport-native-epoll-4.1.25.Final.jar;D:\Repository\io\netty\netty-common\4.1.25.Final\netty-common-4.1.25.Final.jar;D:\Repository\io\netty\netty-buffer\4.1.25.Final\netty-buffer-4.1.25.Final.jar;D:\Repository\io\netty\netty-transport-native-unix-common\4.1.25.Final\netty-transport-native-unix-common-4.1.25.Final.jar;D:\Repository\io\netty\netty-transport\4.1.25.Final\netty-transport-4.1.25.Final.jar;D:\Repository\io\netty\netty-resolver\4.1.25.Final\netty-resolver-4.1.25.Final.jar;D:\Repository\com\netflix\ribbon\ribbon-core\2.2.5\ribbon-core-2.2.5.jar;D:\Repository\com\netflix\ribbon\ribbon-httpclient\2.2.5\ribbon-httpclient-2.2.5.jar;D:\Repository\commons-collections\commons-collections\3.2.2\commons-collections-3.2.2.jar;D:\Repository\com\netflix\netflix-commons\netflix-commons-util\0.3.0\netflix-commons-util-0.3.0.jar;D:\Repository\com\netflix\ribbon\ribbon-loadbalancer\2.2.5\ribbon-loadbalancer-2.2.5.jar;D:\Repository\com\netflix\netflix-commons\netflix-statistics\0.1.1\netflix-statistics-0.1.1.jar;D:\Repository\io\reactivex\rxjava\1.3.8\rxjava-1.3.8.jar;D:\Repository\com\netflix\ribbon\ribbon-eureka\2.2.5\ribbon-eureka-2.2.5.jar;D:\Repository\org\slf4j\slf4j-api\1.7.25\slf4j-api-1.7.25.jar;D:\Repository\com\thoughtworks\xstream\xstream\1.4.10\xstream-1.4.10.jar;D:\Repository\xmlpull\xmlpull\1.1.3.1\xmlpull-1.1.3.1.jar;D:\Repository\xpp3\xpp3_min\1.1.4c\xpp3_min-1.1.4c.jar;D:\Repository\org\springframework\boot\spring-boot-starter-web\2.0.3.RELEASE\spring-boot-starter-web-2.0.3.RELEASE.jar;D:\Repository\org\springframework\boot\spring-boot-starter\2.0.3.RELEASE\spring-boot-starter-2.0.3.RELEASE.jar;D:\Repository\org\springframework\boot\spring-boot\2.0.3.RELEASE\spring-boot-2.0.3.RELEASE.jar;D:\Repository\org\springframework\boot\spring-boot-starter-logging\2.0.3.RELEASE\spring-boot-starter-logging-2.0.3.RELEASE.jar;D:\Repository\ch\qos\logback\logback-classic\1.2.3\logback-classic-1.2.3.jar;D:\Repository\ch\qos\logback\logback-core\1.2.3\logback-core-1.2.3.jar;D:\Repository\org\apache\logging\log4j\log4j-to-slf4j\2.10.0\log4j-to-slf4j-2.10.0.jar;D:\Repository\org\apache\logging\log4j\log4j-api\2.10.0\log4j-api-2.10.0.jar;D:\Repository\org\slf4j\jul-to-slf4j\1.7.25\jul-to-slf4j-1.7.25.jar;D:\Repository\javax\annotation\javax.annotation-api\1.3.2\javax.annotation-api-1.3.2.jar;D:\Repository\org\yaml\snakeyaml\1.19\snakeyaml-1.19.jar;D:\Repository\org\springframework\boot\spring-boot-starter-json\2.0.3.RELEASE\spring-boot-starter-json-2.0.3.RELEASE.jar;D:\Repository\com\fasterxml\jackson\datatype\jackson-datatype-jdk8\2.9.6\jackson-datatype-jdk8-2.9.6.jar;D:\Repository\com\fasterxml\jackson\datatype\jackson-datatype-jsr310\2.9.6\jackson-datatype-jsr310-2.9.6.jar;D:\Repository\com\fasterxml\jackson\module\jackson-module-parameter-names\2.9.6\jackson-module-parameter-names-2.9.6.jar;D:\Repository\org\springframework\boot\spring-boot-starter-tomcat\2.0.3.RELEASE\spring-boot-starter-tomcat-2.0.3.RELEASE.jar;D:\Repository\org\apache\tomcat\embed\tomcat-embed-core\8.5.31\tomcat-embed-core-8.5.31.jar;D:\Repository\org\apache\tomcat\embed\tomcat-embed-el\8.5.31\tomcat-embed-el-8.5.31.jar;D:\Repository\org\apache\tomcat\embed\tomcat-embed-websocket\8.5.31\tomcat-embed-websocket-8.5.31.jar;D:\Repository\org\hibernate\validator\hibernate-validator\6.0.10.Final\hibernate-validator-6.0.10.Final.jar;D:\Repository\javax\validation\validation-api\2.0.1.Final\validation-api-2.0.1.Final.jar;D:\Repository\org\jboss\logging\jboss-logging\3.3.2.Final\jboss-logging-3.3.2.Final.jar;D:\Repository\com\fasterxml\classmate\1.3.4\classmate-1.3.4.jar;D:\Repository\org\springframework\spring-web\5.0.7.RELEASE\spring-web-5.0.7.RELEASE.jar;D:\Repository\org\springframework\spring-beans\5.0.7.RELEASE\spring-beans-5.0.7.RELEASE.jar;D:\Repository\org\springframework\spring-webmvc\5.0.7.RELEASE\spring-webmvc-5.0.7.RELEASE.jar;D:\Repository\org\springframework\spring-aop\5.0.7.RELEASE\spring-aop-5.0.7.RELEASE.jar;D:\Repository\org\springframework\spring-context\5.0.7.RELEASE\spring-context-5.0.7.RELEASE.jar;D:\Repository\org\springframework\spring-expression\5.0.7.RELEASE\spring-expression-5.0.7.RELEASE.jar;D:\Repository\org\springframework\boot\spring-boot-starter-test\2.0.3.RELEASE\spring-boot-starter-test-2.0.3.RELEASE.jar;D:\Repository\org\springframework\boot\spring-boot-test\2.0.3.RELEASE\spring-boot-test-2.0.3.RELEASE.jar;D:\Repository\org\springframework\boot\spring-boot-test-autoconfigure\2.0.3.RELEASE\spring-boot-test-autoconfigure-2.0.3.RELEASE.jar;D:\Repository\com\jayway\jsonpath\json-path\2.4.0\json-path-2.4.0.jar;D:\Repository\net\minidev\json-smart\2.3\json-smart-2.3.jar;D:\Repository\net\minidev\accessors-smart\1.2\accessors-smart-1.2.jar;D:\Repository\org\ow2\asm\asm\5.0.4\asm-5.0.4.jar;D:\Repository\junit\junit\4.12\junit-4.12.jar;D:\Repository\org\assertj\assertj-core\3.9.1\assertj-core-3.9.1.jar;D:\Repository\org\mockito\mockito-core\2.15.0\mockito-core-2.15.0.jar;D:\Repository\net\bytebuddy\byte-buddy\1.7.11\byte-buddy-1.7.11.jar;D:\Repository\net\bytebuddy\byte-buddy-agent\1.7.11\byte-buddy-agent-1.7.11.jar;D:\Repository\org\objenesis\objenesis\2.6\objenesis-2.6.jar;D:\Repository\org\hamcrest\hamcrest-core\1.3\hamcrest-core-1.3.jar;D:\Repository\org\hamcrest\hamcrest-library\1.3\hamcrest-library-1.3.jar;D:\Repository\org\skyscreamer\jsonassert\1.5.0\jsonassert-1.5.0.jar;D:\Repository\com\vaadin\external\google\android-json\0.0.20131108.vaadin1\android-json-0.0.20131108.vaadin1.jar;D:\Repository\org\springframework\spring-core\5.0.7.RELEASE\spring-core-5.0.7.RELEASE.jar;D:\Repository\org\springframework\spring-jcl\5.0.7.RELEASE\spring-jcl-5.0.7.RELEASE.jar;D:\Repository\org\springframework\spring-test\5.0.7.RELEASE\spring-test-5.0.7.RELEASE.jar;D:\Repository\org\xmlunit\xmlunit-core\2.5.1\xmlunit-core-2.5.1.jar;D:\Repository\org\springframework\boot\spring-boot-starter-data-jpa\2.0.3.RELEASE\spring-boot-starter-data-jpa-2.0.3.RELEASE.jar;D:\Repository\org\springframework\boot\spring-boot-starter-aop\2.0.3.RELEASE\spring-boot-starter-aop-2.0.3.RELEASE.jar;D:\Repository\org\aspectj\aspectjweaver\1.8.13\aspectjweaver-1.8.13.jar;D:\Repository\org\springframework\boot\spring-boot-starter-jdbc\2.0.3.RELEASE\spring-boot-starter-jdbc-2.0.3.RELEASE.jar;D:\Repository\com\zaxxer\HikariCP\2.7.9\HikariCP-2.7.9.jar;D:\Repository\org\springframework\spring-jdbc\5.0.7.RELEASE\spring-jdbc-5.0.7.RELEASE.jar;D:\Repository\org\hibernate\hibernate-core\5.2.17.Final\hibernate-core-5.2.17.Final.jar;D:\Repository\org\hibernate\javax\persistence\hibernate-jpa-2.1-api\1.0.2.Final\hibernate-jpa-2.1-api-1.0.2.Final.jar;D:\Repository\org\javassist\javassist\3.22.0-GA\javassist-3.22.0-GA.jar;D:\Repository\antlr\antlr\2.7.7\antlr-2.7.7.jar;D:\Repository\org\jboss\jandex\2.0.3.Final\jandex-2.0.3.Final.jar;D:\Repository\dom4j\dom4j\1.6.1\dom4j-1.6.1.jar;D:\Repository\org\hibernate\common\hibernate-commons-annotations\5.0.1.Final\hibernate-commons-annotations-5.0.1.Final.jar;D:\Repository\javax\transaction\javax.transaction-api\1.2\javax.transaction-api-1.2.jar;D:\Repository\org\springframework\data\spring-data-jpa\2.0.8.RELEASE\spring-data-jpa-2.0.8.RELEASE.jar;D:\Repository\org\springframework\data\spring-data-commons\2.0.8.RELEASE\spring-data-commons-2.0.8.RELEASE.jar;D:\Repository\org\springframework\spring-orm\5.0.7.RELEASE\spring-orm-5.0.7.RELEASE.jar;D:\Repository\org\springframework\spring-tx\5.0.7.RELEASE\spring-tx-5.0.7.RELEASE.jar;D:\Repository\org\springframework\spring-aspects\5.0.7.RELEASE\spring-aspects-5.0.7.RELEASE.jar;D:\Repository\mysql\mysql-connector-java\5.1.46\mysql-connector-java-5.1.46.jar;D:\Repository\org\projectlombok\lombok\1.16.22\lombok-1.16.22.jar;D:\Repository\com\google\code\gson\gson\2.8.5\gson-2.8.5.jar;D:\Repository\org\springframework\cloud\spring-cloud-starter-feign\1.4.3.RELEASE\spring-cloud-starter-feign-1.4.3.RELEASE.jar;D:\Repository\org\springframework\cloud\spring-cloud-starter-openfeign\2.0.0.RELEASE\spring-cloud-starter-openfeign-2.0.0.RELEASE.jar;D:\Repository\org\springframework\cloud\spring-cloud-openfeign-core\2.0.0.RELEASE\spring-cloud-openfeign-core-2.0.0.RELEASE.jar;D:\Repository\io\github\openfeign\feign-core\9.5.1\feign-core-9.5.1.jar;D:\Repository\io\github\openfeign\feign-slf4j\9.5.1\feign-slf4j-9.5.1.jar;D:\Repository\io\github\openfeign\feign-hystrix\9.5.1\feign-hystrix-9.5.1.jar;D:\Repository\io\github\openfeign\feign-java8\9.5.1\feign-java8-9.5.1.jar;F:\yexinming\github\SpringCloud_Shell\order\common\target\order-common-0.0.1-SNAPSHOT.jar;D:\Repository\com\yxm\product-client\0.0.1-SNAPSHOT\product-client-0.0.1-SNAPSHOT.jar;D:\Repository\com\yxm\product-common\0.0.1-SNAPSHOT\product-common-0.0.1-SNAPSHOT.jar;D:\Repository\org\springframework\cloud\spring-cloud-config-client\2.0.0.RELEASE\spring-cloud-config-client-2.0.0.RELEASE.jar;D:\Repository\org\springframework\boot\spring-boot-autoconfigure\2.0.3.RELEASE\spring-boot-autoconfigure-2.0.3.RELEASE.jar;D:\Repository\org\springframework\cloud\spring-cloud-commons\2.0.0.RELEASE\spring-cloud-commons-2.0.0.RELEASE.jar;D:\Repository\org\springframework\security\spring-security-crypto\5.0.6.RELEASE\spring-security-crypto-5.0.6.RELEASE.jar;D:\Repository\org\springframework\cloud\spring-cloud-context\2.0.0.RELEASE\spring-cloud-context-2.0.0.RELEASE.jar;D:\Repository\com\fasterxml\jackson\core\jackson-annotations\2.9.0\jackson-annotations-2.9.0.jar;D:\Repository\com\fasterxml\jackson\core\jackson-databind\2.9.6\jackson-databind-2.9.6.jar;D:\Repository\org\springframework\cloud\spring-cloud-starter-bus-amqp\2.0.0.RELEASE\spring-cloud-starter-bus-amqp-2.0.0.RELEASE.jar;D:\Repository\org\springframework\cloud\spring-cloud-starter-stream-rabbit\2.0.0.RELEASE\spring-cloud-starter-stream-rabbit-2.0.0.RELEASE.jar;D:\Repository\org\springframework\cloud\spring-cloud-stream-binder-rabbit\2.0.0.RELEASE\spring-cloud-stream-binder-rabbit-2.0.0.RELEASE.jar;D:\Repository\org\springframework\cloud\spring-cloud-stream-binder-rabbit-core\2.0.0.RELEASE\spring-cloud-stream-binder-rabbit-core-2.0.0.RELEASE.jar;D:\Repository\org\springframework\integration\spring-integration-amqp\5.0.6.RELEASE\spring-integration-amqp-5.0.6.RELEASE.jar;D:\Repository\org\springframework\integration\spring-integration-jmx\5.0.6.RELEASE\spring-integration-jmx-5.0.6.RELEASE.jar;D:\Repository\org\springframework\cloud\spring-cloud-bus\2.0.0.RELEASE\spring-cloud-bus-2.0.0.RELEASE.jar;D:\Repository\org\springframework\cloud\spring-cloud-stream\2.0.0.RELEASE\spring-cloud-stream-2.0.0.RELEASE.jar;D:\Repository\org\springframework\boot\spring-boot-starter-validation\2.0.3.RELEASE\spring-boot-starter-validation-2.0.3.RELEASE.jar;D:\Repository\org\springframework\spring-tuple\1.0.0.RELEASE\spring-tuple-1.0.0.RELEASE.jar;D:\Repository\com\esotericsoftware\kryo-shaded\3.0.3\kryo-shaded-3.0.3.jar;D:\Repository\com\esotericsoftware\minlog\1.3.0\minlog-1.3.0.jar;D:\Repository\org\springframework\integration\spring-integration-tuple\1.0.0.RELEASE\spring-integration-tuple-1.0.0.RELEASE.jar;D:\Repository\org\springframework\integration\spring-integration-core\5.0.6.RELEASE\spring-integration-core-5.0.6.RELEASE.jar;D:\Repository\io\projectreactor\reactor-core\3.1.8.RELEASE\reactor-core-3.1.8.RELEASE.jar;D:\Repository\org\reactivestreams\reactive-streams\1.0.2\reactive-streams-1.0.2.jar;D:\Repository\org\springframework\boot\spring-boot-starter-amqp\2.0.3.RELEASE\spring-boot-starter-amqp-2.0.3.RELEASE.jar;D:\Repository\org\springframework\spring-messaging\5.0.7.RELEASE\spring-messaging-5.0.7.RELEASE.jar;D:\Repository\org\springframework\amqp\spring-rabbit\2.0.4.RELEASE\spring-rabbit-2.0.4.RELEASE.jar;D:\Repository\org\springframework\amqp\spring-amqp\2.0.4.RELEASE\spring-amqp-2.0.4.RELEASE.jar;D:\Repository\com\rabbitmq\amqp-client\5.1.2\amqp-client-5.1.2.jar;D:\Repository\org\springframework\retry\spring-retry\1.2.2.RELEASE\spring-retry-1.2.2.RELEASE.jar;"/>
    <property name="sun.cpu.endian" value="little"/>
    <property name="user.home" value="C:\Users\JSKJ"/>
    <property name="user.language" value="zh"/>
    <property name="java.specification.vendor" value="Oracle Corporation"/>
    <property name="java.home" value="D:\Java\jdk1.8.0_74\jre"/>
    <property name="basedir" value="F:\yexinming\github\SpringCloud_Shell\order\server"/>
    <property name="file.separator" value="\"/>
    <property name="line.separator" value="&#10;"/>
    <property name="java.vm.specification.vendor" value="Oracle Corporation"/>
    <property name="java.specification.name" value="Java Platform API Specification"/>
    <property name="java.awt.graphicsenv" value="sun.awt.Win32GraphicsEnvironment"/>
    <property name="surefire.real.class.path" value="C:\Users\JSKJ\AppData\Local\Temp\surefire1004504343501701895\surefirebooter2105030721059660086.jar"/>
    <property name="sun.boot.class.path" value="D:\Java\jdk1.8.0_74\jre\lib\resources.jar;D:\Java\jdk1.8.0_74\jre\lib\rt.jar;D:\Java\jdk1.8.0_74\jre\lib\sunrsasign.jar;D:\Java\jdk1.8.0_74\jre\lib\jsse.jar;D:\Java\jdk1.8.0_74\jre\lib\jce.jar;D:\Java\jdk1.8.0_74\jre\lib\charsets.jar;D:\Java\jdk1.8.0_74\jre\lib\jfr.jar;D:\Java\jdk1.8.0_74\jre\classes"/>
    <property name="user.script" value=""/>
    <property name="sun.management.compiler" value="HotSpot Client Compiler"/>
    <property name="java.runtime.version" value="1.8.0_74-b02"/>
    <property name="user.name" value="JSKJ"/>
    <property name="path.separator" value=";"/>
    <property name="os.version" value="6.1"/>
    <property name="java.endorsed.dirs" value="D:\Java\jdk1.8.0_74\jre\lib\endorsed"/>
    <property name="java.runtime.name" value="Java(TM) SE Runtime Environment"/>
    <property name="file.encoding" value="GBK"/>
    <property name="java.vm.name" value="Java HotSpot(TM) Client VM"/>
    <property name="localRepository" value="D:\Repository"/>
    <property name="java.vendor.url.bug" value="http://bugreport.sun.com/bugreport/"/>
    <property name="java.io.tmpdir" value="C:\Users\JSKJ\AppData\Local\Temp\"/>
    <property name="idea.version" value="2017.2.3"/>
    <property name="java.version" value="1.8.0_74"/>
    <property name="user.dir" value="F:\yexinming\github\SpringCloud_Shell\order\server"/>
    <property name="os.arch" value="x86"/>
    <property name="java.vm.specification.name" value="Java Virtual Machine Specification"/>
    <property name="java.awt.printerjob" value="sun.awt.windows.WPrinterJob"/>
    <property name="sun.os.patch.level" value="Service Pack 1"/>
    <property name="java.library.path" value="D:\Java\jdk1.8.0_74\jre\bin;C:\Windows\Sun\Java\bin;C:\Windows\system32;C:\Windows;D:\xftp\;D:\xshell\;C:\ProgramData\Oracle\Java\javapath;C:\Windows\system32;C:\Windows;C:\Windows\System32\Wbem;C:\Windows\System32\WindowsPowerShell\v1.0\;C:\Program Files\ThinkPad\Bluetooth Software\;C:\Program Files\ThinkPad\Bluetooth Software\syswow64;D:\apache-maven-3.3.1\bin;D:\Java\jdk1.8.0_74\bin;D:\sqlite;SIMPLIFIED CHINESE_CHINA.ZHS16GBK;D:\STUDY\instantclient_11_2;C:\MinGW\bin;C:\Strawberry\c\bin;C:\Strawberry\perl\site\bin;C:\Strawberry\perl\bin;D:\software\oracle\instantclient_12_1;NLS_LANG=SIMPLIFIED CHINESE_CHINA.ZHS16GBK;D:\software\python;D:\nodejs\;C:\Program Files\IDM Computer Solutions\UltraEdit;C:\Program Files\Git\bin;D:\software\Go\bin;D:\software\Go\self\bin;D:\software\Yarn\bin\;D:\software\ZeroC\Ice-3.4.2\bin;D:\software\erl10.1\bin;D:\software\RabbitMQ Server\rabbitmq_server-3.7.15\sbin;C:\Program Files\Microsoft VS Code\bin;C:\Users\JSKJ\AppData\Roaming\npm;C:\Users\JSKJ\go\bin;D:\software\MicrosoftVSCode\bin;C:\Users\JSKJ\AppData\Local\Yarn\bin;."/>
    <property name="java.vm.info" value="mixed mode"/>
    <property name="java.vendor" value="Oracle Corporation"/>
    <property name="java.vm.version" value="25.74-b02"/>
    <property name="java.ext.dirs" value="D:\Java\jdk1.8.0_74\jre\lib\ext;C:\Windows\Sun\Java\lib\ext"/>
    <property name="sun.io.unicode.encoding" value="UnicodeLittle"/>
    <property name="maven.repo.local" value="D:\Repository"/>
    <property name="java.class.version" value="52.0"/>
  </properties>
  <testcase name="contextLoads" classname="com.yxm.oder.server.OrderApplicationTest" time="0"/>
</testsuite>